<?xml version="1.0" encoding="UTF-8"?>
<!-- Generated by org.testng.reporters.JUnitReportReporter -->
<testsuite hostname="DESKTOP-I3BCL79" failures="0" tests="1" name="Demo.TestScenario1" time="26.443" errors="0" timestamp="2023-07-31T15:54:26 IST" skipped="0">
  <testcase classname="Demo.TestScenario1" name="testSimple" time="26.443"/>
  <system-out/>
</testsuite> <!-- Demo.TestScenario1 -->
