<?xml version="1.0" encoding="UTF-8"?>
<!-- Generated by org.testng.reporters.JUnitReportReporter -->
<testsuite hostname="DESKTOP-I3BCL79" failures="0" tests="1" name="Demo.TestScenario2" time="18.681" errors="0" timestamp="2023-07-31T15:56:40 IST" skipped="0">
  <testcase classname="Demo.TestScenario2" name="testSimple" time="18.681"/>
  <system-out/>
</testsuite> <!-- Demo.TestScenario2 -->
